<?xml version="1.0" encoding="UTF-8"?>
<!-- Generated by org.testng.reporters.JUnitXMLReporter -->
<testsuite hostname="LH7U05CG7291TD0" ignored="0" name="Directory Test" tests="1" failures="1" timestamp="15 May 2019 14:08:06 GMT" time="21.889" errors="0">
  <testcase name="SearchDirectory" time="5.331" classname="com.testCases.TC_SearchDirectoryTest_002">
    <failure type="java.lang.AssertionError" message="expected [true] but found [false]">
      <![CDATA[java.lang.AssertionError: expected [true] but found [false]
at com.testCases.TC_SearchDirectoryTest_002.SearchDirectory(TC_SearchDirectoryTest_002.java:31)
... Removed 32 stack frames]]>
    </failure>
  </testcase> <!-- SearchDirectory -->
</testsuite> <!-- Directory Test -->
