<?xml version="1.0" encoding="UTF-8"?>
<testsuite name="TestSuite" time="5.367" tests="1" errors="0" skipped="0" failures="1">
  <properties>
[...]
</properties>
  <testcase name="SearchDirectory" classname="com.testCases.TC_SearchDirectoryTest_002" time="5.367">
    <failure message="expected [true] but found [false]" type="java.lang.AssertionError">java.lang.AssertionError: expected [true] but found [false]
	at org.testng.Assert.fail(Assert.java:96)
	at org.testng.Assert.failNotEquals(Assert.java:776)
	at org.testng.Assert.assertTrue(Assert.java:44)
	at org.testng.Assert.assertTrue(Assert.java:54)
	at com.testCases.TC_SearchDirectoryTest_002.SearchDirectory(TC_SearchDirectoryTest_002.java:31)
</failure>
    <system-out><![CDATA[ INFO [main] (TC_SearchDirectoryTest_002.java:16)- URL is opened
 INFO [main] (TC_SearchDirectoryTest_002.java:20)- Entered username
 INFO [main] (TC_SearchDirectoryTest_002.java:23)- Entered password
 INFO [main] (TC_SearchDirectoryTest_002.java:25)- Log in successful
Screenshot taken
]]></system-out>
    <system-err><![CDATA[Starting ChromeDriver 2.41.578737 (49da6702b16031c40d63e5618de03a32ff6c197e) on port 30946
Only local connections are allowed.
May 15, 2019 7:37:52 PM org.openqa.selenium.remote.ProtocolHandshake createSession
INFO: Detected dialect: OSS
]]></system-err>
  </testcase>
</testsuite>