<?xml version="1.0" encoding="UTF-8"?>
<!-- Generated by org.testng.reporters.JUnitXMLReporter -->
<testsuite hostname="LH7U05CG7291TD0" ignored="3" name="Default test" tests="1" failures="0" timestamp="19 May 2019 16:34:04 GMT" time="57.081" errors="0">
  <testcase name="loginTest" time="15.824" classname="com.testCases.TC_AssignLeave_004"/>
  <testcase name="loginTest" time="0.0" classname="com.testCases.TC_LoginTest_001">
    <ignored/>
  </testcase> <!-- loginTest -->
  <testcase name="SearchAdmin" time="0.0" classname="com.testCases.TC_AdminPageTest_003">
    <ignored/>
  </testcase> <!-- SearchAdmin -->
  <testcase name="SearchDirectory" time="0.0" classname="com.testCases.TC_SearchDirectoryTest_002">
    <ignored/>
  </testcase> <!-- SearchDirectory -->
</testsuite> <!-- Default test -->
